#0 building with "default" instance using docker driver

#1 [internal] load build definition from Dockerfile
#1 transferring dockerfile: 1.26kB 0.0s done
#1 DONE 0.0s

#2 [internal] load metadata for docker.io/library/ubuntu:22.04
#2 DONE 2.1s

#3 [internal] load .dockerignore
#3 transferring context: 2B done
#3 DONE 0.0s

#4 [ 1/16] FROM docker.io/library/ubuntu:22.04@sha256:0e0a0fc6d18feda9db1590da249ac93e8d5abfea8f4c3c0c849ce512b5ef8982
#4 resolve docker.io/library/ubuntu:22.04@sha256:0e0a0fc6d18feda9db1590da249ac93e8d5abfea8f4c3c0c849ce512b5ef8982 0.0s done
#4 DONE 0.0s

#5 [ 6/16] RUN mkdir build
#5 CACHED

#6 [ 7/16] WORKDIR /opt/geant4-11.3.2/build
#6 CACHED

#7 [ 2/16] RUN apt-get update && apt-get install -y     build-essential     cmake     git     wget     qtbase5-dev     libxerces-c-dev     libexpat1-dev     libxmu-dev     libxi-dev     libgl1-mesa-dev     libglu1-mesa-dev     freeglut3-dev     && rm -rf /var/lib/apt/lists/*
#7 CACHED

#8 [ 3/16] WORKDIR /opt
#8 CACHED

#9 [ 4/16] RUN wget https://github.com/Geant4/geant4/archive/refs/tags/v11.3.2.tar.gz &&     tar -xzf v11.3.2.tar.gz &&     rm v11.3.2.tar.gz
#9 CACHED

#10 [ 5/16] WORKDIR /opt/geant4-11.3.2
#10 CACHED

#11 [ 8/16] RUN cmake ..     -DCMAKE_INSTALL_PREFIX=/opt/geant4-install     -DGEANT4_INSTALL_DATA=ON     -DGEANT4_USE_QT=ON     -DGEANT4_USE_OPENGL_X11=ON
#11 CACHED

#12 [internal] load build context
#12 transferring context: 917.83kB 1.6s done
#12 DONE 1.7s

#13 [ 9/16] RUN make -j$(nproc)
#13 0.972 [  0%] Creating directories for 'G4NDL'
#13 0.995 [  0%] Creating directories for 'PhotonEvaporation'
#13 1.010 [  0%] Creating directories for 'G4EMLOW'
#13 1.013 [  0%] Creating directories for 'RadioactiveDecay'
#13 1.344 [  0%] Performing download step (download, verify and extract) for 'G4EMLOW'
#13 1.354 [  0%] Performing download step (download, verify and extract) for 'G4NDL'
#13 1.373 [  0%] Performing download step (download, verify and extract) for 'RadioactiveDecay'
#13 1.387 -- Downloading...
#13 1.387    dst='/opt/geant4-11.3.2/build/Externals/G4EMLOW-8.6.1/src/G4EMLOW.8.6.1.tar.gz'
#13 1.387    timeout='1500 seconds'
#13 1.387    inactivity timeout='none'
#13 1.387 -- Using src='https://cern.ch/geant4-data/datasets/G4EMLOW.8.6.1.tar.gz'
#13 1.402 -- Downloading...
#13 1.402    dst='/opt/geant4-11.3.2/build/Externals/G4NDL-4.7.1/src/G4NDL.4.7.1.tar.gz'
#13 1.402    timeout='1500 seconds'
#13 1.402    inactivity timeout='none'
#13 1.402 -- Using src='https://cern.ch/geant4-data/datasets/G4NDL.4.7.1.tar.gz'
#13 1.415 [  0%] Performing download step (download, verify and extract) for 'PhotonEvaporation'
#13 1.426 -- Downloading...
#13 1.426    dst='/opt/geant4-11.3.2/build/Externals/RadioactiveDecay-6.1.2/src/G4RadioactiveDecay.6.1.2.tar.gz'
#13 1.426    timeout='1500 seconds'
#13 1.426    inactivity timeout='none'
#13 1.426 -- Using src='https://cern.ch/geant4-data/datasets/G4RadioactiveDecay.6.1.2.tar.gz'
#13 1.453 -- Downloading...
#13 1.453    dst='/opt/geant4-11.3.2/build/Externals/PhotonEvaporation-6.1/src/G4PhotonEvaporation.6.1.tar.gz'
#13 1.453    timeout='1500 seconds'
#13 1.453    inactivity timeout='none'
#13 1.453 -- Using src='https://cern.ch/geant4-data/datasets/G4PhotonEvaporation.6.1.tar.gz'
#13 1.946 -- [download 100% complete]
#13 1.946 -- [download 100% complete]
#13 1.965 -- [download 100% complete]
#13 1.968 -- [download 100% complete]
#13 2.451 -- [download 0% complete]
#13 2.464 -- [download 1% complete]
#13 2.497 -- [download 0% complete]
#13 2.616 -- [download 3% complete]
#13 2.616 -- [download 4% complete]
#13 2.687 -- [download 0% complete]
#13 2.748 -- [download 1% complete]
#13 2.768 -- [download 5% complete]
#13 2.768 -- [download 6% complete]
#13 2.768 -- [download 8% complete]
#13 2.768 -- [download 10% complete]
#13 2.902 -- [download 2% complete]
#13 2.918 -- [download 12% complete]
#13 2.919 -- [download 13% complete]
#13 2.920 -- [download 15% complete]
#13 2.923 -- [download 17% complete]
#13 2.923 -- [download 19% complete]
#13 2.924 -- [download 20% complete]
#13 2.924 -- [download 22% complete]
#13 2.925 -- [download 24% complete]
#13 3.050 -- [download 3% complete]
#13 3.051 -- [download 4% complete]
#13 3.063 -- [download 5% complete]
#13 3.070 -- [download 25% complete]
#13 3.078 -- [download 26% complete]
#13 3.079 -- [download 27% complete]
#13 3.079 -- [download 29% complete]
#13 3.079 -- [download 30% complete]
#13 3.079 -- [download 32% complete]
#13 3.080 -- [download 33% complete]
#13 3.081 -- [download 35% complete]
#13 3.081 -- [download 36% complete]
#13 3.081 -- [download 38% complete]
#13 3.087 -- [download 39% complete]
#13 3.087 -- [download 40% complete]
#13 3.088 -- [download 41% complete]
#13 3.088 -- [download 43% complete]
#13 3.089 -- [download 45% complete]
#13 3.093 -- [download 46% complete]
#13 3.093 -- [download 48% complete]
#13 3.199 -- [download 6% complete]
#13 3.223 -- [download 7% complete]
#13 3.551 -- [download 49% complete]
#13 3.748 -- [download 8% complete]
#13 3.782 -- [download 51% complete]
#13 3.782 -- [download 52% complete]
#13 3.794 -- [download 54% complete]
#13 3.794 -- [download 56% complete]
#13 3.879 -- [download 9% complete]
#13 3.911 -- [download 10% complete]
#13 3.916 -- [download 11% complete]
#13 3.943 -- [download 12% complete]
#13 3.948 -- [download 13% complete]
#13 4.033 -- [download 57% complete]
#13 4.033 -- [download 59% complete]
#13 4.038 -- [download 60% complete]
#13 4.038 -- [download 62% complete]
#13 4.039 -- [download 64% complete]
#13 4.039 -- [download 65% complete]
#13 4.039 -- [download 67% complete]
#13 4.039 -- [download 68% complete]
#13 4.040 -- [download 70% complete]
#13 4.040 -- [download 71% complete]
#13 4.043 -- [download 73% complete]
#13 4.043 -- [download 75% complete]
#13 4.230 -- [download 76% complete]
#13 4.230 -- [download 78% complete]
#13 4.244 -- [download 79% complete]
#13 4.244 -- [download 81% complete]
#13 4.262 -- [download 82% complete]
#13 4.262 -- [download 84% complete]
#13 4.272 -- [download 86% complete]
#13 4.272 -- [download 87% complete]
#13 4.273 -- [download 89% complete]
#13 4.273 -- [download 90% complete]
#13 4.273 -- [download 92% complete]
#13 4.273 -- [download 94% complete]
#13 4.274 -- [download 95% complete]
#13 4.275 -- [download 97% complete]
#13 4.350 -- [download 14% complete]
#13 4.351 -- [download 15% complete]
#13 4.434 -- [download 16% complete]
#13 4.435 -- [download 17% complete]
#13 4.436 -- [download 18% complete]
#13 4.450 -- [download 98% complete]
#13 4.458 -- [download 100% complete]
#13 4.461 -- verifying file...
#13 4.461        file='/opt/geant4-11.3.2/build/Externals/RadioactiveDecay-6.1.2/src/G4RadioactiveDecay.6.1.2.tar.gz'
#13 4.466 -- Downloading... done
#13 4.563 -- [download 19% complete]
#13 4.567 -- [download 20% complete]
#13 4.573 -- [download 21% complete]
#13 4.579 -- [download 1% complete]
#13 4.592 -- extracting...
#13 4.592      src='/opt/geant4-11.3.2/build/Externals/RadioactiveDecay-6.1.2/src/G4RadioactiveDecay.6.1.2.tar.gz'
#13 4.592      dst='/opt/geant4-11.3.2/build/data/RadioactiveDecay6.1.2'
#13 4.598 -- extracting... [tar xfz]
#13 4.701 -- [download 22% complete]
#13 4.749 -- [download 23% complete]
#13 4.888 -- [download 24% complete]
#13 5.026 -- [download 25% complete]
#13 5.094 -- [download 26% complete]
#13 5.206 -- [download 27% complete]
#13 5.233 -- [download 28% complete]
#13 5.591 -- [download 29% complete]
#13 5.619 -- [download 30% complete]
#13 5.721 -- [download 31% complete]
#13 5.785 -- [download 32% complete]
#13 5.903 -- [download 33% complete]
#13 5.909 -- extracting... [analysis]
#13 5.910 -- extracting... [rename]
#13 5.913 -- extracting... [clean up]
#13 5.916 -- extracting... done
#13 5.954 [  0%] No update step for 'RadioactiveDecay'
#13 6.050 -- [download 34% complete]
#13 6.059 [  0%] No patch step for 'RadioactiveDecay'
#13 6.170 -- [download 35% complete]
#13 6.233 -- [download 36% complete]
#13 6.239 [  0%] No configure step for 'RadioactiveDecay'
#13 6.321 -- [download 2% complete]
#13 6.357 -- [download 37% complete]
#13 6.371 [  0%] No build step for 'RadioactiveDecay'
#13 6.424 [  0%] No install step for 'RadioactiveDecay'
#13 6.493 [  0%] Completed 'RadioactiveDecay'
#13 6.497 -- [download 38% complete]
#13 6.567 [  0%] Built target RadioactiveDecay
#13 6.592 -- [download 39% complete]
#13 6.617 [  0%] Creating directories for 'G4PARTICLEXS'
#13 6.662 -- [download 40% complete]
#13 6.778 [  0%] Performing download step (download, verify and extract) for 'G4PARTICLEXS'
#13 6.790 -- [download 41% complete]
#13 6.803 -- Downloading...
#13 6.803    dst='/opt/geant4-11.3.2/build/Externals/G4PARTICLEXS-4.1/src/G4PARTICLEXS.4.1.tar.gz'
#13 6.803    timeout='1500 seconds'
#13 6.803    inactivity timeout='none'
#13 6.803 -- Using src='https://cern.ch/geant4-data/datasets/G4PARTICLEXS.4.1.tar.gz'
#13 6.916 -- [download 42% complete]
#13 6.975 -- [download 43% complete]
#13 7.092 -- [download 44% complete]
#13 7.207 -- [download 45% complete]
#13 7.266 -- [download 46% complete]
#13 7.305 -- [download 100% complete]
#13 7.385 -- [download 47% complete]
#13 7.530 -- [download 48% complete]
#13 7.621 -- [download 49% complete]
#13 7.677 -- [download 50% complete]
#13 7.792 -- [download 51% complete]
#13 7.830 -- [download 0% complete]
#13 7.886 -- [download 52% complete]
#13 7.970 -- [download 53% complete]
#13 8.115 -- [download 54% complete]
#13 8.119 -- [download 1% complete]
#13 8.202 -- [download 55% complete]
#13 8.273 -- [download 56% complete]
#13 8.299 -- [download 2% complete]
#13 8.344 -- [download 3% complete]
#13 8.377 -- [download 57% complete]
#13 8.426 -- [download 3% complete]
#13 8.434 -- [download 58% complete]
#13 8.456 -- [download 4% complete]
#13 8.466 -- [download 5% complete]
#13 8.600 -- [download 59% complete]
#13 8.629 -- [download 6% complete]
#13 8.661 -- [download 7% complete]
#13 8.687 -- [download 8% complete]
#13 8.941 -- [download 9% complete]
#13 8.954 -- [download 10% complete]
#13 8.998 -- [download 11% complete]
#13 9.005 -- [download 60% complete]
#13 9.044 -- [download 61% complete]
#13 9.066 -- [download 12% complete]
#13 9.089 -- [download 13% complete]
#13 9.133 -- [download 14% complete]
#13 9.141 -- [download 15% complete]
#13 9.142 -- [download 16% complete]
#13 9.144 -- [download 17% complete]
#13 9.182 -- [download 18% complete]
#13 9.210 -- [download 62% complete]
#13 9.291 -- [download 19% complete]
#13 9.321 -- [download 20% complete]
#13 9.351 -- [download 21% complete]
#13 9.373 -- [download 63% complete]
#13 9.379 -- [download 22% complete]
#13 9.472 -- [download 64% complete]
#13 9.495 -- [download 23% complete]
#13 9.532 -- [download 24% complete]
#13 9.561 -- [download 25% complete]
#13 9.593 -- [download 26% complete]
#13 9.656 -- [download 27% complete]
#13 9.689 -- [download 65% complete]
#13 9.748 -- [download 28% complete]
#13 9.780 -- [download 29% complete]
#13 9.811 -- [download 30% complete]
#13 9.843 -- [download 31% complete]
#13 9.947 -- [download 32% complete]
#13 9.993 -- [download 33% complete]
#13 10.02 -- [download 34% complete]
#13 10.05 -- [download 35% complete]
#13 10.12 -- [download 66% complete]
#13 10.29 -- [download 67% complete]
#13 10.31 -- [download 36% complete]
#13 10.31 -- [download 37% complete]
#13 10.31 -- [download 38% complete]
#13 10.32 -- [download 39% complete]
#13 10.32 -- [download 40% complete]
#13 10.35 -- [download 68% complete]
#13 10.36 -- [download 41% complete]
#13 10.40 -- [download 42% complete]
#13 10.44 -- [download 43% complete]
#13 10.51 -- [download 44% complete]
#13 10.51 -- [download 69% complete]
#13 10.55 -- [download 45% complete]
#13 10.56 -- [download 1% complete]
#13 10.60 -- [download 46% complete]
#13 10.63 -- [download 47% complete]
#13 10.72 -- [download 48% complete]
#13 10.75 -- [download 49% complete]
#13 10.76 -- [download 70% complete]
#13 10.79 -- [download 50% complete]
#13 10.87 -- [download 51% complete]
#13 10.92 -- [download 52% complete]
#13 10.95 -- [download 53% complete]
#13 10.96 -- [download 71% complete]
#13 11.00 -- [download 54% complete]
#13 11.08 -- [download 55% complete]
#13 11.12 -- [download 56% complete]
#13 11.15 -- [download 72% complete]
#13 11.16 -- [download 57% complete]
#13 11.24 -- [download 58% complete]
#13 11.29 -- [download 59% complete]
#13 11.32 -- [download 60% complete]
#13 11.34 -- [download 73% complete]
#13 11.37 -- [download 61% complete]
#13 11.46 -- [download 62% complete]
#13 11.49 -- [download 63% complete]
#13 11.53 -- [download 64% complete]
#13 11.53 -- [download 74% complete]
#13 11.58 -- [download 65% complete]
#13 11.66 -- [download 66% complete]
#13 11.69 -- [download 75% complete]
#13 11.70 -- [download 67% complete]
#13 11.73 -- [download 68% complete]
#13 11.80 -- [download 69% complete]
#13 11.87 -- [download 70% complete]
#13 11.88 -- [download 76% complete]
#13 11.90 -- [download 71% complete]
#13 11.94 -- [download 72% complete]
#13 12.01 -- [download 73% complete]
#13 12.07 -- [download 77% complete]
#13 12.08 -- [download 74% complete]
#13 12.11 -- [download 75% complete]
#13 12.16 -- [download 76% complete]
#13 12.23 -- [download 77% complete]
#13 12.24 -- [download 4% complete]
#13 12.25 -- [download 78% complete]
#13 12.28 -- [download 78% complete]
#13 12.32 -- [download 79% complete]
#13 12.36 -- [download 80% complete]
#13 12.44 -- [download 81% complete]
#13 12.45 -- [download 79% complete]
#13 12.48 -- [download 82% complete]
#13 12.52 -- [download 83% complete]
#13 12.56 -- [download 84% complete]
#13 12.61 -- [download 80% complete]
#13 12.63 -- [download 85% complete]
#13 12.69 -- [download 86% complete]
#13 12.73 -- [download 87% complete]
#13 12.77 -- [download 88% complete]
#13 12.80 -- [download 81% complete]
#13 12.85 -- [download 89% complete]
#13 12.89 -- [download 90% complete]
#13 12.94 -- [download 91% complete]
#13 12.98 -- [download 92% complete]
#13 13.00 -- [download 82% complete]
#13 13.06 -- [download 93% complete]
#13 13.10 -- [download 94% complete]
#13 13.15 -- [download 95% complete]
#13 13.18 -- [download 96% complete]
#13 13.19 -- [download 83% complete]
#13 13.26 -- [download 97% complete]
#13 13.31 -- [download 98% complete]
#13 13.35 -- [download 84% complete]
#13 13.35 -- [download 99% complete]
#13 13.39 -- [download 100% complete]
#13 13.42 -- verifying file...
#13 13.42        file='/opt/geant4-11.3.2/build/Externals/G4PARTICLEXS-4.1/src/G4PARTICLEXS.4.1.tar.gz'
#13 13.45 -- Downloading... done
#13 13.49 -- [download 85% complete]
#13 13.50 -- extracting...
#13 13.50      src='/opt/geant4-11.3.2/build/Externals/G4PARTICLEXS-4.1/src/G4PARTICLEXS.4.1.tar.gz'
#13 13.50      dst='/opt/geant4-11.3.2/build/data/G4PARTICLEXS4.1'
#13 13.50 -- extracting... [tar xfz]
#13 13.63 -- [download 86% complete]
#13 13.77 -- [download 87% complete]
#13 13.91 -- [download 88% complete]
#13 14.06 -- [download 89% complete]
#13 14.17 -- extracting... [analysis]
#13 14.17 -- extracting... [rename]
#13 14.18 -- extracting... [clean up]
#13 14.18 -- extracting... done
#13 14.20 -- [download 90% complete]
#13 14.23 [  0%] No update step for 'G4PARTICLEXS'
#13 14.28 [  0%] No patch step for 'G4PARTICLEXS'
#13 14.33 [  0%] No configure step for 'G4PARTICLEXS'
#13 14.35 -- [download 91% complete]
#13 14.39 [  0%] No build step for 'G4PARTICLEXS'
#13 14.45 [  0%] No install step for 'G4PARTICLEXS'
#13 14.49 -- [download 92% complete]
#13 14.51 [  0%] Completed 'G4PARTICLEXS'
#13 14.58 [  0%] Built target G4PARTICLEXS
#13 14.64 -- [download 93% complete]
#13 14.64 [  0%] Creating directories for 'G4PII'
#13 14.78 -- [download 94% complete]
#13 14.80 [  0%] Performing download step (download, verify and extract) for 'G4PII'
#13 14.82 -- Downloading...
#13 14.82    dst='/opt/geant4-11.3.2/build/Externals/G4PII-1.3/src/G4PII.1.3.tar.gz'
#13 14.82    timeout='1500 seconds'
#13 14.82    inactivity timeout='none'
#13 14.82 -- Using src='https://cern.ch/geant4-data/datasets/G4PII.1.3.tar.gz'
#13 14.93 -- [download 95% complete]
#13 15.07 -- [download 96% complete]
#13 15.22 -- [download 97% complete]
#13 15.35 -- [download 98% complete]
#13 15.38 -- [download 100% complete]
#13 15.44 -- [download 5% complete]
#13 15.51 -- [download 99% complete]
#13 15.66 -- [download 100% complete]
#13 15.76 -- verifying file...
#13 15.76        file='/opt/geant4-11.3.2/build/Externals/PhotonEvaporation-6.1/src/G4PhotonEvaporation.6.1.tar.gz'
#13 16.18 -- [download 0% complete]
#13 16.18 -- Downloading... done
#13 16.30 -- extracting...
#13 16.30      src='/opt/geant4-11.3.2/build/Externals/PhotonEvaporation-6.1/src/G4PhotonEvaporation.6.1.tar.gz'
#13 16.30      dst='/opt/geant4-11.3.2/build/data/PhotonEvaporation6.1'
#13 16.31 -- extracting... [tar xfz]
#13 16.33 -- [download 1% complete]
#13 16.49 -- [download 2% complete]
#13 16.63 -- [download 3% complete]
#13 16.65 -- [download 4% complete]
#13 16.65 -- [download 5% complete]
#13 16.65 -- [download 6% complete]
#13 16.80 -- [download 7% complete]
#13 16.81 -- [download 8% complete]
#13 16.81 -- [download 9% complete]
#13 16.81 -- [download 10% complete]
#13 16.81 -- [download 11% complete]
#13 16.81 -- [download 12% complete]
#13 16.94 -- [download 13% complete]
#13 16.96 -- [download 14% complete]
#13 16.96 -- [download 15% complete]
#13 16.96 -- [download 16% complete]
#13 16.97 -- [download 17% complete]
#13 16.97 -- [download 18% complete]
#13 16.97 -- [download 19% complete]
#13 16.97 -- [download 20% complete]
#13 16.97 -- [download 21% complete]
#13 16.97 -- [download 22% complete]
#13 16.97 -- [download 23% complete]
#13 16.97 -- [download 24% complete]
#13 16.99 -- [download 25% complete]
#13 17.10 -- [download 26% complete]
#13 17.10 -- [download 27% complete]
#13 17.11 -- [download 28% complete]
#13 17.12 -- [download 29% complete]
#13 17.12 -- [download 30% complete]
#13 17.14 -- [download 31% complete]
#13 17.15 -- [download 32% complete]
#13 17.16 -- [download 33% complete]
#13 17.17 -- [download 34% complete]
#13 17.18 -- [download 35% complete]
#13 17.19 -- [download 36% complete]
#13 17.20 -- [download 37% complete]
#13 17.29 -- extracting... [analysis]
#13 17.29 -- extracting... [rename]
#13 17.29 -- extracting... [clean up]
#13 17.29 -- extracting... done
#13 17.33 [  0%] No update step for 'PhotonEvaporation'
#13 17.39 [  0%] No patch step for 'PhotonEvaporation'
#13 17.45 [  1%] No configure step for 'PhotonEvaporation'
#13 17.51 [  1%] No build step for 'PhotonEvaporation'
#13 17.58 [  1%] No install step for 'PhotonEvaporation'
#13 17.66 [  1%] Completed 'PhotonEvaporation'
#13 17.01 -- [download 38% complete]
#13 17.01 -- [download 39% complete]
#13 17.01 -- [download 40% complete]
#13 17.01 -- [download 41% complete]
#13 17.01 -- [download 42% complete]
#13 17.06 -- [download 43% complete]
#13 17.06 [  1%] Built target PhotonEvaporation
#13 17.07 -- [download 44% complete]
#13 17.07 -- [download 45% complete]
#13 17.09 -- [download 46% complete]
#13 17.10 -- [download 47% complete]
#13 17.11 -- [download 48% complete]
#13 17.11 -- [download 49% complete]
#13 17.11 -- [download 50% complete]
#13 17.11 -- [download 51% complete]
#13 17.11 -- [download 52% complete]
#13 17.11 -- [download 53% complete]
#13 17.12 -- [download 54% complete]
#13 17.12 -- [download 55% complete]
#13 17.12 -- [download 56% complete]
#13 17.12 -- [download 57% complete]
#13 17.12 -- [download 58% complete]
#13 17.12 -- [download 59% complete]
#13 17.12 -- [download 60% complete]
#13 17.12 -- [download 61% complete]
#13 17.12 -- [download 62% complete]
#13 17.12 -- [download 63% complete]
#13 17.12 -- [download 64% complete]
#13 17.12 -- [download 65% complete]
#13 17.12 -- [download 66% complete]
#13 17.12 -- [download 67% complete]
#13 17.12 -- [download 68% complete]
#13 17.12 -- [download 69% complete]
#13 17.12 -- [download 70% complete]
#13 17.12 -- [download 71% complete]
#13 17.12 -- [download 72% complete]
#13 17.12 -- [download 73% complete]
#13 17.12 -- [download 74% complete]
#13 17.12 -- [download 75% complete]
#13 17.12 -- [download 76% complete]
#13 17.13 [  1%] Creating directories for 'RealSurface'
#13 17.13 -- [download 77% complete]
#13 17.14 -- [download 78% complete]
#13 17.16 -- [download 79% complete]
#13 17.17 -- [download 80% complete]
#13 17.21 -- [download 81% complete]
#13 17.22 -- [download 82% complete]
#13 17.23 -- [download 83% complete]
#13 17.24 -- [download 84% complete]
#13 17.25 -- [download 85% complete]
#13 17.27 -- [download 86% complete]
#13 17.29 -- [download 87% complete]
#13 17.30 -- [download 88% complete]
#13 17.32 [  1%] Performing download step (download, verify and extract) for 'RealSurface'
#13 17.32 -- [download 89% complete]
#13 17.33 -- [download 90% complete]
#13 17.34 -- Downloading...
#13 17.34    dst='/opt/geant4-11.3.2/build/Externals/RealSurface-2.2/src/G4RealSurface.2.2.tar.gz'
#13 17.34    timeout='1500 seconds'
#13 17.34    inactivity timeout='none'
#13 17.34 -- Using src='https://cern.ch/geant4-data/datasets/G4RealSurface.2.2.tar.gz'
#13 17.34 -- [download 91% complete]
#13 17.35 -- [download 92% complete]
#13 17.36 -- [download 93% complete]
#13 17.37 -- [download 94% complete]
#13 17.39 -- [download 95% complete]
#13 17.43 -- [download 96% complete]
#13 17.44 -- [download 97% complete]
#13 17.45 -- [download 98% complete]
#13 17.46 -- [download 99% complete]
#13 17.48 -- [download 100% complete]
#13 17.48 -- verifying file...
#13 17.48        file='/opt/geant4-11.3.2/build/Externals/G4PII-1.3/src/G4PII.1.3.tar.gz'
#13 17.50 -- Downloading... done
#13 17.53 -- extracting...
#13 17.53      src='/opt/geant4-11.3.2/build/Externals/G4PII-1.3/src/G4PII.1.3.tar.gz'
#13 17.53      dst='/opt/geant4-11.3.2/build/data/G4PII1.3'
#13 17.53 -- extracting... [tar xfz]
#13 17.84 -- [download 100% complete]
#13 18.31 -- [download 6% complete]
#13 18.38 -- [download 0% complete]
#13 18.50 -- extracting... [analysis]
#13 18.50 -- extracting... [rename]
#13 18.51 -- extracting... [clean up]
#13 18.51 -- extracting... done
#13 18.54 [  1%] No update step for 'G4PII'
#13 18.59 [  1%] No patch step for 'G4PII'
#13 18.65 [  2%] No configure step for 'G4PII'
#13 18.70 [  2%] No build step for 'G4PII'
#13 18.75 [  2%] No install step for 'G4PII'
#13 18.81 [  2%] Completed 'G4PII'
#13 18.88 [  2%] Built target G4PII
#13 18.92 [  2%] Creating directories for 'G4SAIDDATA'
#13 19.09 [  2%] Performing download step (download, verify and extract) for 'G4SAIDDATA'
#13 19.12 -- Downloading...
#13 19.12    dst='/opt/geant4-11.3.2/build/Externals/G4SAIDDATA-2.0/src/G4SAIDDATA.2.0.tar.gz'
#13 19.12    timeout='1500 seconds'
#13 19.12    inactivity timeout='none'
#13 19.12 -- Using src='https://cern.ch/geant4-data/datasets/G4SAIDDATA.2.0.tar.gz'
#13 19.23 -- [download 1% complete]
#13 19.80 -- [download 100% complete]
#13 20.28 -- [download 2% complete]
#13 20.50 -- [download 3% complete]
#13 20.52 -- [download 4% complete]
#13 20.56 -- [download 17% complete]
#13 20.57 -- [download 34% complete]
#13 20.79 -- [download 59% complete]
#13 20.80 -- [download 100% complete]
#13 20.80 -- verifying file...
#13 20.80        file='/opt/geant4-11.3.2/build/Externals/G4SAIDDATA-2.0/src/G4SAIDDATA.2.0.tar.gz'
#13 20.80 -- Downloading... done
#13 20.89 -- extracting...
#13 20.89      src='/opt/geant4-11.3.2/build/Externals/G4SAIDDATA-2.0/src/G4SAIDDATA.2.0.tar.gz'
#13 20.89      dst='/opt/geant4-11.3.2/build/data/G4SAIDDATA2.0'
#13 20.89 -- extracting... [tar xfz]
#13 20.94 -- [download 5% complete]
#13 20.96 -- extracting... [analysis]
#13 20.97 -- extracting... [rename]
#13 20.97 -- extracting... [clean up]
#13 20.97 -- extracting... done
#13 21.18 [  3%] No update step for 'G4SAIDDATA'
#13 21.31 -- [download 6% complete]
#13 21.43 [  3%] No patch step for 'G4SAIDDATA'
#13 21.59 [  3%] No configure step for 'G4SAIDDATA'
#13 21.70 [  3%] No build step for 'G4SAIDDATA'
#13 21.75 -- [download 7% complete]
#13 21.78 [  3%] No install step for 'G4SAIDDATA'
#13 21.85 [  3%] Completed 'G4SAIDDATA'
#13 21.92 [  3%] Built target G4SAIDDATA
#13 21.97 [  3%] Creating directories for 'G4ABLA'
#13 22.17 [  3%] Performing download step (download, verify and extract) for 'G4ABLA'
#13 22.18 -- [download 8% complete]
#13 22.19 -- Downloading...
#13 22.19    dst='/opt/geant4-11.3.2/build/Externals/G4ABLA-3.3/src/G4ABLA.3.3.tar.gz'
#13 22.19    timeout='1500 seconds'
#13 22.19    inactivity timeout='none'
#13 22.19 -- Using src='https://cern.ch/geant4-data/datasets/G4ABLA.3.3.tar.gz'
#13 22.70 -- [download 100% complete]
#13 22.70 -- [download 9% complete]
#13 23.20 -- [download 10% complete]
#13 23.22 -- [download 8% complete]
#13 23.37 -- [download 13% complete]
#13 23.37 -- [download 23% complete]
#13 23.37 -- [download 24% complete]
#13 23.52 -- [download 33% complete]
#13 23.52 -- [download 34% complete]
#13 23.53 -- [download 44% complete]
#13 23.53 -- [download 53% complete]
#13 23.53 -- [download 55% complete]
#13 23.53 -- [download 65% complete]
#13 23.68 -- [download 75% complete]
#13 23.68 -- [download 83% complete]
#13 23.68 -- [download 93% complete]
#13 23.68 -- [download 100% complete]
#13 23.68 -- verifying file...
#13 23.68        file='/opt/geant4-11.3.2/build/Externals/G4ABLA-3.3/src/G4ABLA.3.3.tar.gz'
#13 23.68 -- Downloading... done
#13 23.68 -- [download 11% complete]
#13 23.73 -- extracting...
#13 23.73      src='/opt/geant4-11.3.2/build/Externals/G4ABLA-3.3/src/G4ABLA.3.3.tar.gz'
#13 23.73      dst='/opt/geant4-11.3.2/build/data/G4ABLA3.3'
#13 23.73 -- extracting... [tar xfz]
#13 23.77 -- extracting... [analysis]
#13 23.77 -- extracting... [rename]
#13 23.77 -- extracting... [clean up]
#13 23.77 -- extracting... done
#13 23.82 [  3%] No update step for 'G4ABLA'
#13 23.90 [  3%] No patch step for 'G4ABLA'
#13 24.00 [  3%] No configure step for 'G4ABLA'
#13 24.10 [  3%] No build step for 'G4ABLA'
#13 24.23 -- [download 12% complete]
#13 24.29 -- [download 7% complete]
#13 24.36 [  3%] No install step for 'G4ABLA'
#13 24.63 [  3%] Completed 'G4ABLA'
#13 24.79 [  3%] Built target G4ABLA
#13 24.80 -- [download 13% complete]
#13 24.87 [  3%] Creating directories for 'G4INCL'
#13 25.04 [  3%] Performing download step (download, verify and extract) for 'G4INCL'
#13 25.06 -- Downloading...
#13 25.06    dst='/opt/geant4-11.3.2/build/Externals/G4INCL-1.2/src/G4INCL.1.2.tar.gz'
#13 25.06    timeout='1500 seconds'
#13 25.06    inactivity timeout='none'
#13 25.06 -- Using src='https://cern.ch/geant4-data/datasets/G4INCL.1.2.tar.gz'
#13 25.47 -- [download 14% complete]
#13 25.55 -- [download 100% complete]
#13 26.09 -- [download 7% complete]
#13 26.10 -- [download 13% complete]
#13 26.20 -- [download 15% complete]
#13 26.25 -- [download 23% complete]
#13 26.25 -- [download 37% complete]
#13 26.25 -- [download 41% complete]
#13 26.29 -- [download 46% complete]
#13 26.35 -- [download 59% complete]
#13 26.40 -- [download 64% complete]
#13 26.40 -- [download 79% complete]
#13 26.40 -- [download 83% complete]
#13 26.40 -- [download 96% complete]
#13 26.40 -- [download 100% complete]
#13 26.40 -- verifying file...
#13 26.40        file='/opt/geant4-11.3.2/build/Externals/G4INCL-1.2/src/G4INCL.1.2.tar.gz'
#13 26.40 -- Downloading... done
#13 26.44 -- extracting...
#13 26.44      src='/opt/geant4-11.3.2/build/Externals/G4INCL-1.2/src/G4INCL.1.2.tar.gz'
#13 26.44      dst='/opt/geant4-11.3.2/build/data/G4INCL1.2'
#13 26.44 -- extracting... [tar xfz]
#13 26.46 -- extracting... [analysis]
#13 26.46 -- extracting... [rename]
#13 26.47 -- extracting... [clean up]
#13 26.47 -- extracting... done
#13 26.51 [  3%] No update step for 'G4INCL'
#13 26.55 [  3%] No patch step for 'G4INCL'
#13 26.62 [  3%] No configure step for 'G4INCL'
#13 26.70 [  3%] No build step for 'G4INCL'
#13 26.80 [  3%] No install step for 'G4INCL'
#13 26.91 [  3%] Completed 'G4INCL'
#13 26.97 -- [download 16% complete]
#13 27.04 [  3%] Built target G4INCL
#13 27.13 [  3%] Creating directories for 'G4ENSDFSTATE'
#13 27.37 [  3%] Performing download step (download, verify and extract) for 'G4ENSDFSTATE'
#13 27.39 -- Downloading...
#13 27.39    dst='/opt/geant4-11.3.2/build/Externals/G4ENSDFSTATE-3.0/src/G4ENSDFSTATE.3.0.tar.gz'
#13 27.39    timeout='1500 seconds'
#13 27.39    inactivity timeout='none'
#13 27.39 -- Using src='https://cern.ch/geant4-data/datasets/G4ENSDFSTATE.3.0.tar.gz'
#13 27.69 -- [download 17% complete]
#13 27.92 -- [download 100% complete]
#13 28.41 -- [download 18% complete]
#13 28.42 -- [download 4% complete]
#13 28.58 -- [download 7% complete]
#13 28.58 -- [download 12% complete]
#13 28.58 -- [download 13% complete]
#13 28.73 -- [download 18% complete]
#13 28.73 -- [download 23% complete]
#13 28.73 -- [download 28% complete]
#13 28.73 -- [download 29% complete]
#13 28.73 -- [download 35% complete]
#13 28.88 -- [download 40% complete]
#13 28.89 -- [download 45% complete]
#13 28.89 -- [download 50% complete]
#13 28.89 -- [download 55% complete]
#13 28.89 -- [download 60% complete]
#13 28.89 -- [download 63% complete]
#13 28.89 -- [download 68% complete]
#13 28.90 -- [download 73% complete]
#13 28.93 -- [download 78% complete]
#13 29.04 -- [download 84% complete]
#13 29.04 -- [download 89% complete]
#13 29.04 -- [download 94% complete]
#13 29.05 -- [download 99% complete]
#13 29.05 -- [download 100% complete]
#13 29.05 -- verifying file...
#13 29.05        file='/opt/geant4-11.3.2/build/Externals/G4ENSDFSTATE-3.0/src/G4ENSDFSTATE.3.0.tar.gz'
#13 29.05 -- Downloading... done
#13 29.15 -- extracting...
#13 29.15      src='/opt/geant4-11.3.2/build/Externals/G4ENSDFSTATE-3.0/src/G4ENSDFSTATE.3.0.tar.gz'
#13 29.15      dst='/opt/geant4-11.3.2/build/data/G4ENSDFSTATE3.0'
#13 29.16 -- extracting... [tar xfz]
#13 29.22 -- [download 19% complete]
#13 29.25 -- extracting... [analysis]
#13 29.26 -- extracting... [rename]
#13 29.26 -- extracting... [clean up]
#13 29.26 -- extracting... done
#13 29.36 [  3%] No update step for 'G4ENSDFSTATE'
#13 29.44 [  3%] No patch step for 'G4ENSDFSTATE'
#13 29.48 -- [download 8% complete]
#13 29.51 [  3%] No configure step for 'G4ENSDFSTATE'
#13 29.58 [  3%] No build step for 'G4ENSDFSTATE'
#13 29.65 [  3%] No install step for 'G4ENSDFSTATE'
#13 29.72 [  3%] Completed 'G4ENSDFSTATE'
#13 29.80 [  3%] Built target G4ENSDFSTATE
#13 29.84 [  3%] Creating directories for 'G4CHANNELING'
#13 30.00 [  3%] Performing download step (download, verify and extract) for 'G4CHANNELING'
#13 30.02 -- Downloading...
#13 30.02    dst='/opt/geant4-11.3.2/build/Externals/G4CHANNELING-1.0/src/G4CHANNELING.1.0.tar.gz'
#13 30.02    timeout='1500 seconds'
#13 30.02    inactivity timeout='none'
#13 30.02 -- Using src='https://cern.ch/geant4-data/datasets/G4CHANNELING.1.0.tar.gz'
#13 30.10 -- [download 20% complete]
#13 30.25 -- [download 2% complete]
#13 30.55 -- [download 100% complete]
#13 31.30 -- [download 21% complete]
#13 31.42 -- [download 0% complete]
#13 31.42 -- [download 1% complete]
#13 31.67 -- [download 2% complete]
#13 31.92 -- [download 3% complete]
#13 32.10 -- [download 4% complete]
#13 32.11 -- [download 5% complete]
#13 32.12 -- [download 6% complete]
#13 32.16 -- [download 9% complete]
#13 32.28 -- [download 7% complete]
#13 32.31 -- [download 8% complete]
#13 32.49 -- [download 9% complete]
#13 32.68 -- [download 10% complete]
#13 32.81 -- [download 22% complete]
#13 32.88 -- [download 11% complete]
#13 32.92 -- [download 12% complete]
#13 33.11 -- [download 13% complete]
#13 33.32 -- [download 14% complete]
#13 33.50 -- [download 15% complete]
#13 33.56 -- [download 16% complete]
#13 33.78 -- [download 17% complete]
#13 33.96 -- [download 18% complete]
#13 34.03 -- [download 19% complete]
#13 34.24 -- [download 20% complete]
#13 34.43 -- [download 21% complete]
#13 34.49 -- [download 23% complete]
#13 34.66 -- [download 22% complete]
#13 34.73 -- [download 23% complete]
#13 34.73 -- [download 10% complete]
#13 34.92 -- [download 24% complete]
#13 35.14 -- [download 25% complete]
#13 35.20 -- [download 26% complete]
#13 35.40 -- [download 27% complete]
#13 35.62 -- [download 28% complete]
#13 35.67 -- [download 29% complete]
#13 35.87 -- [download 30% complete]
#13 36.10 -- [download 31% complete]
#13 36.14 -- [download 32% complete]
#13 36.37 -- [download 33% complete]
#13 36.57 -- [download 34% complete]
#13 36.61 -- [download 35% complete]
#13 36.78 -- [download 24% complete]
#13 36.81 -- [download 36% complete]
#13 36.85 -- [download 37% complete]
#13 37.00 -- [download 38% complete]
#13 37.17 -- [download 39% complete]
#13 37.17 -- [download 11% complete]
#13 37.20 -- [download 40% complete]
#13 37.36 -- [download 41% complete]
#13 37.54 -- [download 42% complete]
#13 37.57 -- [download 43% complete]
#13 37.71 -- [download 3% complete]
#13 37.75 -- [download 44% complete]
#13 37.78 -- [download 45% complete]
#13 37.95 -- [download 46% complete]
#13 38.12 -- [download 47% complete]
#13 38.17 -- [download 48% complete]
#13 38.33 -- [download 49% complete]
#13 38.38 -- [download 50% complete]
#13 38.55 -- [download 51% complete]
#13 38.59 -- [download 52% complete]
#13 38.66 -- [download 25% complete]
#13 38.77 -- [download 53% complete]
#13 38.81 -- [download 54% complete]
#13 38.99 -- [download 55% complete]
#13 39.02 -- [download 56% complete]
#13 39.07 -- [download 57% complete]
#13 39.24 -- [download 58% complete]
#13 39.28 -- [download 59% complete]
#13 39.43 -- [download 60% complete]
#13 39.48 -- [download 61% complete]
#13 39.52 -- [download 62% complete]
#13 39.58 -- [download 12% complete]
#13 39.67 -- [download 63% complete]
#13 39.73 -- [download 64% complete]
#13 39.80 -- [download 65% complete]
#13 39.93 -- [download 66% complete]
#13 39.97 -- [download 67% complete]
#13 40.03 -- [download 68% complete]
#13 40.16 -- [download 69% complete]
#13 40.20 -- [download 70% complete]
#13 40.23 -- [download 71% complete]
#13 40.38 -- [download 72% complete]
#13 40.42 -- [download 73% complete]
#13 40.45 -- [download 74% complete]
#13 40.73 -- [download 75% complete]
#13 40.73 -- [download 76% complete]
#13 40.73 -- [download 77% complete]
#13 40.93 -- [download 78% complete]
#13 40.93 -- [download 79% complete]
#13 40.94 -- [download 80% complete]
#13 40.96 -- [download 26% complete]
#13 40.99 -- [download 81% complete]
#13 41.10 -- [download 82% complete]
#13 41.17 -- [download 83% complete]
#13 41.28 -- [download 84% complete]
#13 41.33 -- [download 85% complete]
#13 41.38 -- [download 86% complete]
#13 41.50 -- [download 87% complete]
#13 41.57 -- [download 88% complete]
#13 41.59 -- [download 89% complete]
#13 41.71 -- [download 90% complete]
#13 41.78 -- [download 91% complete]
#13 41.81 -- [download 92% complete]
#13 41.92 -- [download 93% complete]
#13 41.99 -- [download 94% complete]
#13 42.02 -- [download 95% complete]
#13 42.06 -- [download 96% complete]
#13 42.20 -- [download 97% complete]
#13 42.23 -- [download 98% complete]
#13 42.25 -- [download 13% complete]
#13 42.37 -- [download 99% complete]
#13 42.40 -- [download 100% complete]
#13 42.41 -- verifying file...
#13 42.41        file='/opt/geant4-11.3.2/build/Externals/G4CHANNELING-1.0/src/G4CHANNELING.1.0.tar.gz'
#13 42.42 -- Downloading... done
#13 42.48 -- extracting...
#13 42.48      src='/opt/geant4-11.3.2/build/Externals/G4CHANNELING-1.0/src/G4CHANNELING.1.0.tar.gz'
#13 42.48      dst='/opt/geant4-11.3.2/build/data/G4CHANNELING1.0'
#13 42.49 -- extracting... [tar xfz]
#13 42.69 -- extracting... [analysis]
#13 42.69 -- extracting... [rename]
#13 42.70 -- extracting... [clean up]
#13 42.70 -- extracting... done
#13 42.74 [  3%] No update step for 'G4CHANNELING'
#13 42.81 [  3%] No patch step for 'G4CHANNELING'
#13 42.88 [  3%] No configure step for 'G4CHANNELING'
#13 42.93 -- [download 27% complete]
#13 42.94 [  3%] No build step for 'G4CHANNELING'
#13 43.03 [  3%] No install step for 'G4CHANNELING'
#13 43.14 [  3%] Completed 'G4CHANNELING'
#13 43.25 [  3%] Built target G4CHANNELING
#13 43.32 [  3%] Building CXX object source/externals/ptl/src/CMakeFiles/ptl-shared.dir/TaskGroup.cc.o
#13 44.66 -- [download 14% complete]
#13 44.70 -- [download 28% complete]
#13 45.16 -- [download 4% complete]
#13 46.07 [  3%] Building CXX object source/externals/ptl/src/CMakeFiles/ptl-shared.dir/TaskRunManager.cc.o
#13 46.11 -- [download 29% complete]
#13 47.35 -- [download 15% complete]
#13 47.42 -- [download 30% complete]
#13 49.12 -- [download 31% complete]
#13 49.43 [  3%] Building CXX object source/externals/ptl/src/CMakeFiles/ptl-shared.dir/ThreadData.cc.o
#13 49.33 -- [download 16% complete]
#13 50.18 -- [download 32% complete]
#13 50.96 -- [download 5% complete]
#13 51.51 [  3%] Building CXX object source/externals/ptl/src/CMakeFiles/ptl-shared.dir/ThreadPool.cc.o
#13 51.92 -- [download 17% complete]
#13 52.15 -- [download 33% complete]
#13 54.20 -- [download 34% complete]
#13 54.49 -- [download 18% complete]
#13 56.07 -- [download 35% complete]
#13 57.00 -- [download 19% complete]
#13 57.13 -- [download 6% complete]
#13 57.81 -- [download 36% complete]
#13 58.49 [  3%] Building CXX object source/externals/ptl/src/CMakeFiles/ptl-shared.dir/Threading.cc.o
#13 59.45 -- [download 20% complete]
#13 59.57 -- [download 37% complete]
#13 60.95 [  3%] Building CXX object source/externals/ptl/src/CMakeFiles/ptl-shared.dir/UserTaskQueue.cc.o
#13 61.30 -- [download 38% complete]
#13 61.93 -- [download 21% complete]
#13 62.93 -- [download 39% complete]
#13 63.85 -- [download 7% complete]
#13 64.48 -- [download 40% complete]
#13 64.48 -- [download 22% complete]
#13 66.08 -- [download 41% complete]
#13 67.12 -- [download 23% complete]
#13 67.62 -- [download 42% complete]
#13 68.99 [  3%] Building CXX object source/externals/ptl/src/CMakeFiles/ptl-shared.dir/VUserTaskQueue.cc.o
#13 69.13 -- [download 43% complete]
#13 69.63 -- [download 24% complete]
#13 70.66 -- [download 44% complete]
#13 70.91 -- [download 8% complete]
#13 72.19 -- [download 45% complete]
#13 72.23 -- [download 25% complete]
#13 72.25 [  3%] Linking CXX shared library ../../../../BuildProducts/lib/libG4ptl.so
#13 72.79 [  3%] Built target ptl-shared
#13 72.88 [  3%] Building CXX object source/externals/clhep/CMakeFiles/G4clhep.dir/src/AxisAngle.cc.o
#13 73.92 -- [download 46% complete]
#13 74.34 [  3%] Building CXX object source/externals/clhep/CMakeFiles/G4clhep.dir/src/BasicVector3D.cc.o
#13 74.71 -- [download 26% complete]
#13 75.47 -- [download 47% complete]
#13 76.12 [  3%] Building CXX object source/externals/clhep/CMakeFiles/G4clhep.dir/src/Boost.cc.o
#13 77.10 -- [download 27% complete]
#13 77.12 -- [download 48% complete]
#13 77.74 -- [download 9% complete]
#13 77.95 [  3%] Building CXX object source/externals/clhep/CMakeFiles/G4clhep.dir/src/BoostX.cc.o
#13 78.92 -- [download 49% complete]
#13 79.41 -- [download 28% complete]
#13 79.73 [  3%] Building CXX object source/externals/clhep/CMakeFiles/G4clhep.dir/src/BoostY.cc.o
#13 81.02 -- [download 50% complete]
#13 81.24 [  3%] Building CXX object source/externals/clhep/CMakeFiles/G4clhep.dir/src/BoostZ.cc.o
#13 80.95 -- [download 29% complete]
#13 81.88 [  3%] Building CXX object source/externals/clhep/CMakeFiles/G4clhep.dir/src/DoubConv.cc.o
#13 82.41 -- [download 51% complete]
#13 82.91 [  3%] Building CXX object source/externals/clhep/CMakeFiles/G4clhep.dir/src/DualRand.cc.o
#13 83.21 -- [download 30% complete]
#13 83.70 -- [download 10% complete]
#13 85.01 [  3%] Building CXX object source/externals/clhep/CMakeFiles/G4clhep.dir/src/EngineFactory.cc.o
#13 85.28 -- [download 52% complete]
#13 85.28 -- [download 31% complete]
#13 86.45 [  3%] Building CXX object source/externals/clhep/CMakeFiles/G4clhep.dir/src/engineIDulong.cc.o
#13 87.01 [  3%] Building CXX object source/externals/clhep/CMakeFiles/G4clhep.dir/src/erfQ.cc.o
#13 87.39 -- [download 32% complete]
#13 87.62 [  3%] Building CXX object source/externals/clhep/CMakeFiles/G4clhep.dir/src/EulerAngles.cc.o
#13 88.16 -- [download 53% complete]
#13 88.43 [  3%] Building CXX object source/externals/clhep/CMakeFiles/G4clhep.dir/src/Evaluator.cc.o
#13 89.47 -- [download 33% complete]
#13 90.25 -- [download 11% complete]
#13 90.73 -- [download 54% complete]
#13 90.97 [  3%] Building CXX object source/externals/clhep/CMakeFiles/G4clhep.dir/src/flatToGaussian.cc.o
#13 91.66 -- [download 34% complete]
#13 91.83 [  3%] Building CXX object source/externals/clhep/CMakeFiles/G4clhep.dir/src/gammln.cc.o
#13 92.13 [  3%] Building CXX object source/externals/clhep/CMakeFiles/G4clhep.dir/src/JamesRandom.cc.o
#13 92.45 -- [download 55% complete]
#13 93.94 -- [download 56% complete]
#13 93.99 [  3%] Building CXX object source/externals/clhep/CMakeFiles/G4clhep.dir/src/LorentzRotation.cc.o
#13 94.22 -- [download 35% complete]
#13 95.41 -- [download 57% complete]
#13 95.43 [  3%] Building CXX object source/externals/clhep/CMakeFiles/G4clhep.dir/src/LorentzRotationC.cc.o
#13 96.52 [  4%] Building CXX object source/externals/clhep/CMakeFiles/G4clhep.dir/src/LorentzRotationD.cc.o
#13 96.99 -- [download 58% complete]
#13 97.12 -- [download 36% complete]
#13 97.14 -- [download 12% complete]
#13 97.60 [  4%] Building CXX object source/externals/clhep/CMakeFiles/G4clhep.dir/src/LorentzVectorB.cc.o
#13 98.44 -- [download 59% complete]
#13 98.51 [  4%] Building CXX object source/externals/clhep/CMakeFiles/G4clhep.dir/src/LorentzVector.cc.o
#13 99.62 [  4%] Building CXX object source/externals/clhep/CMakeFiles/G4clhep.dir/src/LorentzVectorC.cc.o
#13 99.72 -- [download 37% complete]
#13 100.3 -- [download 60% complete]
#13 100.5 [  4%] Building CXX object source/externals/clhep/CMakeFiles/G4clhep.dir/src/LorentzVectorK.cc.o
#13 101.6 [  4%] Building CXX object source/externals/clhep/CMakeFiles/G4clhep.dir/src/LorentzVectorL.cc.o
#13 102.2 -- [download 38% complete]
#13 102.4 -- [download 61% complete]
#13 102.6 [  4%] Building CXX object source/externals/clhep/CMakeFiles/G4clhep.dir/src/LorentzVectorR.cc.o
#13 103.4 [  4%] Building CXX object source/externals/clhep/CMakeFiles/G4clhep.dir/src/MixMaxRng.cc.o
#13 103.7 -- [download 13% complete]
#13 104.4 -- [download 62% complete]
#13 104.6 -- [download 39% complete]
#13 105.8 [  4%] Building CXX object source/externals/clhep/CMakeFiles/G4clhep.dir/src/MTwistEngine.cc.o
#13 106.3 -- [download 63% complete]
#13 107.0 -- [download 40% complete]
#13 107.6 [  4%] Building CXX object source/externals/clhep/CMakeFiles/G4clhep.dir/src/NonRandomEngine.cc.o
#13 108.8 -- [download 64% complete]
#13 109.3 [  4%] Building CXX object source/externals/clhep/CMakeFiles/G4clhep.dir/src/Normal3D.cc.o
#13 109.3 -- [download 41% complete]
#13 110.0 -- [download 14% complete]
#13 110.3 [  4%] Building CXX object source/externals/clhep/CMakeFiles/G4clhep.dir/src/Plane3D.cc.o
#13 111.2 [  4%] Building CXX object source/externals/clhep/CMakeFiles/G4clhep.dir/src/Point3D.cc.o
#13 111.2 -- [download 42% complete]
#13 111.9 -- [download 65% complete]
#13 112.1 [  4%] Building CXX object source/externals/clhep/CMakeFiles/G4clhep.dir/src/RandBinomial.cc.o
#13 112.9 -- [download 43% complete]
#13 113.3 [  4%] Building CXX object source/externals/clhep/CMakeFiles/G4clhep.dir/src/RandBit.cc.o
#13 114.6 [  4%] Building CXX object source/externals/clhep/CMakeFiles/G4clhep.dir/src/RandBreitWigner.cc.o
#13 114.7 -- [download 66% complete]
#13 114.9 -- [download 15% complete]
#13 115.2 -- [download 44% complete]
#13 116.5 [  4%] Building CXX object source/externals/clhep/CMakeFiles/G4clhep.dir/src/RandChiSquare.cc.o
#13 117.5 -- [download 45% complete]
#13 117.8 [  4%] Building CXX object source/externals/clhep/CMakeFiles/G4clhep.dir/src/RandExponential.cc.o
#13 118.6 -- [download 67% complete]
#13 119.2 [  4%] Building CXX object source/externals/clhep/CMakeFiles/G4clhep.dir/src/RandFlat.cc.o
#13 119.8 -- [download 46% complete]
#13 120.3 -- [download 16% complete]
#13 120.9 [  4%] Building CXX object source/externals/clhep/CMakeFiles/G4clhep.dir/src/RandGamma.cc.o
#13 122.0 -- [download 47% complete]
#13 122.3 [  4%] Building CXX object source/externals/clhep/CMakeFiles/G4clhep.dir/src/RandGauss.cc.o
#13 122.5 -- [download 68% complete]
#13 124.3 [  4%] Building CXX object source/externals/clhep/CMakeFiles/G4clhep.dir/src/RandGaussQ.cc.o
#13 124.3 -- [download 48% complete]
#13 125.6 [  4%] Building CXX object source/externals/clhep/CMakeFiles/G4clhep.dir/src/RandGeneral.cc.o
#13 125.9 -- [download 69% complete]
#13 126.0 -- [download 17% complete]
#13 126.6 -- [download 49% complete]
#13 127.4 [  4%] Building CXX object source/externals/clhep/CMakeFiles/G4clhep.dir/src/RandLandau.cc.o
#13 128.5 -- [download 70% complete]
#13 128.8 [  4%] Building CXX object source/externals/clhep/CMakeFiles/G4clhep.dir/src/Random.cc.o
#13 129.1 -- [download 50% complete]
#13 130.5 [  4%] Building CXX object source/externals/clhep/CMakeFiles/G4clhep.dir/src/RandomEngine.cc.o
#13 130.5 -- [download 71% complete]
#13 131.7 [  4%] Building CXX object source/externals/clhep/CMakeFiles/G4clhep.dir/src/RandPoisson.cc.o
#13 131.9 -- [download 51% complete]
#13 132.2 -- [download 18% complete]
#13 132.5 -- [download 72% complete]
#13 133.4 [  4%] Building CXX object source/externals/clhep/CMakeFiles/G4clhep.dir/src/RandPoissonQ.cc.o
#13 134.2 -- [download 73% complete]
#13 134.8 [  4%] Building CXX object source/externals/clhep/CMakeFiles/G4clhep.dir/src/RandStudentT.cc.o
#13 135.3 -- [download 52% complete]
#13 136.1 -- [download 74% complete]
#13 136.4 [  4%] Building CXX object source/externals/clhep/CMakeFiles/G4clhep.dir/src/RanecuEngine.cc.o
#13 137.5 -- [download 19% complete]
#13 137.9 -- [download 75% complete]
#13 138.3 [  4%] Building CXX object source/externals/clhep/CMakeFiles/G4clhep.dir/src/Ranlux64Engine.cc.o
#13 138.7 -- [download 53% complete]
#13 139.8 -- [download 76% complete]
#13 140.3 [  4%] Building CXX object source/externals/clhep/CMakeFiles/G4clhep.dir/src/RanluxppEngine.cc.o
#13 141.5 -- [download 77% complete]
#13 142.4 -- [download 54% complete]
#13 142.6 -- [download 20% complete]
#13 143.4 -- [download 78% complete]
#13 143.5 [  4%] Building CXX object source/externals/clhep/CMakeFiles/G4clhep.dir/src/RanluxEngine.cc.o
#13 144.6 [  5%] Building CXX object source/externals/clhep/CMakeFiles/G4clhep.dir/src/RanshiEngine.cc.o
#13 144.8 -- [download 79% complete]
#13 145.3 -- [download 55% complete]
#13 146.5 [  5%] Building CXX object source/externals/clhep/CMakeFiles/G4clhep.dir/src/RotationA.cc.o
#13 147.0 -- [download 21% complete]
#13 147.2 -- [download 80% complete]
#13 147.4 [  5%] Building CXX object source/externals/clhep/CMakeFiles/G4clhep.dir/src/Rotation.cc.o
#13 148.4 [  5%] Building CXX object source/externals/clhep/CMakeFiles/G4clhep.dir/src/RotationC.cc.o
#13 148.5 -- [download 56% complete]
#13 149.4 [  5%] Building CXX object source/externals/clhep/CMakeFiles/G4clhep.dir/src/RotationE.cc.o
#13 149.9 -- [download 81% complete]
#13 150.2 [  5%] Building CXX object source/externals/clhep/CMakeFiles/G4clhep.dir/src/RotationInterfaces.cc.o
#13 151.0 [  5%] Building CXX object source/externals/clhep/CMakeFiles/G4clhep.dir/src/RotationIO.cc.o
#13 151.2 -- [download 57% complete]
#13 152.0 [  5%] Building CXX object source/externals/clhep/CMakeFiles/G4clhep.dir/src/RotationL.cc.o
#13 152.1 -- [download 22% complete]
#13 152.6 -- [download 82% complete]
#13 152.9 [  5%] Building CXX object source/externals/clhep/CMakeFiles/G4clhep.dir/src/RotationP.cc.o
#13 153.8 [  5%] Building CXX object source/externals/clhep/CMakeFiles/G4clhep.dir/src/RotationX.cc.o
#13 153.9 -- [download 58% complete]
#13 154.8 [  5%] Building CXX object source/externals/clhep/CMakeFiles/G4clhep.dir/src/RotationY.cc.o
#13 155.1 -- [download 83% complete]
#13 155.9 [  5%] Building CXX object source/externals/clhep/CMakeFiles/G4clhep.dir/src/RotationZ.cc.o
#13 156.7 -- [download 59% complete]
#13 156.9 [  5%] Building CXX object source/externals/clhep/CMakeFiles/G4clhep.dir/src/setStdMath.cc.o
#13 157.0 -- [download 84% complete]
#13 157.5 -- [download 23% complete]
#13 157.6 [  5%] Building CXX object source/externals/clhep/CMakeFiles/G4clhep.dir/src/setSystemOfUnits.cc.o
#13 158.1 [  5%] Building CXX object source/externals/clhep/CMakeFiles/G4clhep.dir/src/SpaceVector.cc.o
#13 158.9 -- [download 85% complete]
#13 159.1 [  5%] Building CXX object source/externals/clhep/CMakeFiles/G4clhep.dir/src/SpaceVectorD.cc.o
#13 159.6 -- [download 60% complete]
#13 159.9 [  5%] Building CXX object source/externals/clhep/CMakeFiles/G4clhep.dir/src/SpaceVectorP.cc.o
#13 160.7 -- [download 86% complete]
#13 160.8 [  5%] Building CXX object source/externals/clhep/CMakeFiles/G4clhep.dir/src/SpaceVectorR.cc.o
#13 161.7 [  5%] Building CXX object source/externals/clhep/CMakeFiles/G4clhep.dir/src/StaticRandomStates.cc.o
#13 162.2 -- [download 61% complete]
#13 162.4 -- [download 87% complete]
#13 163.1 [  5%] Building CXX object source/externals/clhep/CMakeFiles/G4clhep.dir/src/ThreeVector.cc.o
#13 163.9 -- [download 24% complete]
#13 164.1 -- [download 88% complete]
#13 164.2 [  5%] Building CXX object source/externals/clhep/CMakeFiles/G4clhep.dir/src/ThreeVectorR.cc.o
#13 164.8 -- [download 62% complete]
#13 165.1 [  5%] Building CXX object source/externals/clhep/CMakeFiles/G4clhep.dir/src/Transform3D.cc.o
#13 165.9 -- [download 89% complete]
#13 166.3 [  5%] Building CXX object source/externals/clhep/CMakeFiles/G4clhep.dir/src/TwoVector.cc.o
#13 167.1 [  5%] Building CXX object source/externals/clhep/CMakeFiles/G4clhep.dir/src/Vector3D.cc.o
#13 167.2 -- [download 90% complete]
#13 167.4 -- [download 63% complete]
#13 168.1 [  5%] Building CXX object source/externals/clhep/CMakeFiles/G4clhep.dir/src/ZMinput.cc.o
#13 168.6 -- [download 91% complete]
#13 169.0 [  5%] Linking CXX shared library ../../../BuildProducts/lib/libG4clhep.so
#13 169.3 [  5%] Built target G4clhep
#13 169.3 [  5%] Building C object source/externals/zlib/CMakeFiles/G4zlib.dir/src/adler32.c.o
#13 169.6 [  5%] Building C object source/externals/zlib/CMakeFiles/G4zlib.dir/src/compress.c.o
#13 169.7 [  5%] Building C object source/externals/zlib/CMakeFiles/G4zlib.dir/src/crc32.c.o
#13 170.0 -- [download 64% complete]
#13 170.0 [  5%] Building C object source/externals/zlib/CMakeFiles/G4zlib.dir/src/deflate.c.o
#13 170.0 -- [download 92% complete]
#13 171.1 [  5%] Building C object source/externals/zlib/CMakeFiles/G4zlib.dir/src/gzclose.c.o
#13 171.2 [  5%] Building C object source/externals/zlib/CMakeFiles/G4zlib.dir/src/gzlib.c.o
#13 171.3 -- [download 25% complete]
#13 171.3 -- [download 93% complete]
#13 171.5 [  5%] Building C object source/externals/zlib/CMakeFiles/G4zlib.dir/src/gzread.c.o
#13 171.8 [  5%] Building C object source/externals/zlib/CMakeFiles/G4zlib.dir/src/gzwrite.c.o
#13 172.1 [  5%] Building C object source/externals/zlib/CMakeFiles/G4zlib.dir/src/inflate.c.o
#13 172.1 -- [download 65% complete]
#13 172.7 -- [download 94% complete]
#13 173.2 [  5%] Building C object source/externals/zlib/CMakeFiles/G4zlib.dir/src/infback.c.o
#13 173.6 [  5%] Building C object source/externals/zlib/CMakeFiles/G4zlib.dir/src/inftrees.c.o
#13 173.8 [  5%] Building C object source/externals/zlib/CMakeFiles/G4zlib.dir/src/inffast.c.o
#13 174.1 -- [download 95% complete]
#13 174.1 [  5%] Building C object source/externals/zlib/CMakeFiles/G4zlib.dir/src/trees.c.o
#13 174.2 -- [download 66% complete]
#13 174.7 [  5%] Building C object source/externals/zlib/CMakeFiles/G4zlib.dir/src/uncompr.c.o
#13 174.8 [  5%] Building C object source/externals/zlib/CMakeFiles/G4zlib.dir/src/zutil.c.o
#13 175.0 [  5%] Linking C shared library ../../../BuildProducts/lib/libG4zlib.so
#13 175.1 [  5%] Built target G4zlib
#13 175.2 [  5%] Building CXX object source/CMakeFiles/G4global.dir/global/HEPNumerics/src/G4AnalyticalPolSolver.cc.o
#13 175.7 -- [download 96% complete]
#13 176.2 -- [download 67% complete]
#13 176.6 [  5%] Building CXX object source/CMakeFiles/G4global.dir/global/HEPNumerics/src/G4ChebyshevApproximation.cc.o
#13 176.7 -- [download 97% complete]
#13 177.6 -- [download 68% complete]
#13 178.3 [  5%] Building CXX object source/CMakeFiles/G4global.dir/global/HEPNumerics/src/G4ConvergenceTester.cc.o
#13 178.6 -- [download 98% complete]
#13 178.9 -- [download 26% complete]
#13 179.5 -- [download 69% complete]
#13 181.1 -- [download 99% complete]
#13 181.4 -- [download 70% complete]
#13 183.1 [  5%] Building CXX object source/CMakeFiles/G4global.dir/global/HEPNumerics/src/G4DataInterpolation.cc.o
#13 183.2 -- [download 71% complete]
#13 184.6 -- [download 100% complete]
#13 185.1 -- [download 72% complete]
#13 185.3 [  5%] Building CXX object source/CMakeFiles/G4global.dir/global/HEPNumerics/src/G4GaussChebyshevQ.cc.o
#13 185.8 -- [download 27% complete]
#13 186.2 -- verifying file...
#13 186.2        file='/opt/geant4-11.3.2/build/Externals/RealSurface-2.2/src/G4RealSurface.2.2.tar.gz'
#13 186.8 -- Downloading... done
#13 186.8 -- extracting...
#13 186.8      src='/opt/geant4-11.3.2/build/Externals/RealSurface-2.2/src/G4RealSurface.2.2.tar.gz'
#13 186.8      dst='/opt/geant4-11.3.2/build/data/RealSurface2.2'
#13 186.8 -- extracting... [tar xfz]
#13 187.1 -- [download 73% complete]
#13 187.5 [  5%] Building CXX object source/CMakeFiles/G4global.dir/global/HEPNumerics/src/G4GaussHermiteQ.cc.o
#13 187.7 -- extracting... [analysis]
#13 187.7 -- extracting... [rename]
#13 187.7 -- extracting... [clean up]
#13 187.7 -- extracting... done
#13 187.8 [  5%] No update step for 'RealSurface'
#13 187.9 [  5%] No patch step for 'RealSurface'
#13 188.0 [  5%] No configure step for 'RealSurface'
#13 188.1 [  5%] No build step for 'RealSurface'
#13 188.2 [  5%] No install step for 'RealSurface'
#13 188.3 [  5%] Completed 'RealSurface'
#13 188.4 [  5%] Built target RealSurface
#13 188.4 [  5%] Building CXX object source/CMakeFiles/G4global.dir/global/HEPNumerics/src/G4GaussJacobiQ.cc.o
#13 188.9 -- [download 74% complete]
#13 189.9 [  5%] Building CXX object source/CMakeFiles/G4global.dir/global/HEPNumerics/src/G4GaussLaguerreQ.cc.o
#13 190.8 -- [download 75% complete]
#13 191.3 [  5%] Building CXX object source/CMakeFiles/G4global.dir/global/HEPNumerics/src/G4GaussLegendreQ.cc.o
#13 191.5 -- [download 28% complete]
#13 192.7 -- [download 76% complete]
#13 193.1 [  5%] Building CXX object source/CMakeFiles/G4global.dir/global/HEPNumerics/src/G4JTPolynomialSolver.cc.o
#13 194.1 [  5%] Building CXX object source/CMakeFiles/G4global.dir/global/HEPNumerics/src/G4SimpleIntegration.cc.o
#13 194.6 -- [download 77% complete]
#13 196.6 -- [download 78% complete]
#13 196.8 -- [download 29% complete]
#13 197.0 [  5%] Building CXX object source/CMakeFiles/G4global.dir/global/HEPNumerics/src/G4StatDouble.cc.o
#13 197.0 [  5%] Building CXX object source/CMakeFiles/G4global.dir/global/HEPNumerics/src/G4VGaussianQuadrature.cc.o
#13 198.6 -- [download 79% complete]
#13 199.3 [  5%] Building CXX object source/CMakeFiles/G4global.dir/global/HEPRandom/src/G4UniformRandPool.cc.o
#13 199.4 [  6%] Building CXX object source/CMakeFiles/G4global.dir/global/HEPRandom/src/G4Poisson.cc.o
#13 200.6 -- [download 80% complete]
#13 201.3 [  6%] Building CXX object source/CMakeFiles/G4global.dir/global/management/src/G4Allocator.cc.o
#13 202.1 -- [download 30% complete]
#13 202.5 -- [download 81% complete]
#13 203.5 [  6%] Building CXX object source/CMakeFiles/G4global.dir/global/management/src/G4AllocatorPool.cc.o
#13 203.6 [  6%] Building CXX object source/CMakeFiles/G4global.dir/global/management/src/G4AllocatorList.cc.o
#13 204.1 [  6%] Building CXX object source/CMakeFiles/G4global.dir/global/management/src/G4BuffercoutDestination.cc.o
#13 204.5 -- [download 82% complete]
#13 206.5 [  6%] Building CXX object source/CMakeFiles/G4global.dir/global/management/src/G4CacheDetails.cc.o
#13 206.5 -- [download 83% complete]
#13 207.5 -- [download 31% complete]
#13 208.2 [  6%] Building CXX object source/CMakeFiles/G4global.dir/global/management/src/G4coutDestination.cc.o
#13 208.4 -- [download 84% complete]
#13 208.6 [  6%] Building CXX object source/CMakeFiles/G4global.dir/global/management/src/G4coutFormatters.cc.o
#13 209.6 -- [download 85% complete]
#13 210.0 [  6%] Building CXX object source/CMakeFiles/G4global.dir/global/management/src/G4DataVector.cc.o
#13 211.5 -- [download 86% complete]
#13 212.1 [  6%] Building CXX object source/CMakeFiles/G4global.dir/global/management/src/G4ErrorPropagatorData.cc.o
#13 212.5 [  6%] Building CXX object source/CMakeFiles/G4global.dir/global/management/src/G4Exception.cc.o
#13 212.5 -- [download 32% complete]
#13 213.4 -- [download 87% complete]
#13 214.0 [  6%] Building CXX object source/CMakeFiles/G4global.dir/global/management/src/G4FilecoutDestination.cc.o
#13 214.5 [  6%] Building CXX object source/CMakeFiles/G4global.dir/global/management/src/G4FindDataDir.cc.o
#13 215.2 -- [download 88% complete]
#13 216.4 [  6%] Building CXX object source/CMakeFiles/G4global.dir/global/management/src/G4GeometryTolerance.cc.o
#13 216.9 [  6%] Building CXX object source/CMakeFiles/G4global.dir/global/management/src/G4ios.cc.o
#13 217.1 -- [download 89% complete]
#13 217.8 -- [download 33% complete]
#13 218.9 -- [download 90% complete]
#13 219.9 [  6%] Building CXX object source/CMakeFiles/G4global.dir/global/management/src/G4LockcoutDestination.cc.o
#13 220.2 [  6%] Building CXX object source/CMakeFiles/G4global.dir/global/management/src/G4MasterForwardcoutDestination.cc.o
#13 220.8 -- [download 91% complete]
#13 222.6 -- [download 92% complete]
#13 223.3 [  6%] Building CXX object source/CMakeFiles/G4global.dir/global/management/src/G4MTBarrier.cc.o
#13 223.4 -- [download 34% complete]
#13 223.6 [  6%] Building CXX object source/CMakeFiles/G4global.dir/global/management/src/G4MTcoutDestination.cc.o
#13 224.5 -- [download 93% complete]
#13 226.3 -- [download 94% complete]
#13 227.0 [  6%] Building CXX object source/CMakeFiles/G4global.dir/global/management/src/G4OrderedTable.cc.o
#13 228.1 -- [download 95% complete]
#13 229.2 -- [download 35% complete]
#13 229.6 [  6%] Building CXX object source/CMakeFiles/G4global.dir/global/management/src/G4PhysicsFreeVector.cc.o
#13 229.9 -- [download 96% complete]
#13 230.1 [  6%] Building CXX object source/CMakeFiles/G4global.dir/global/management/src/G4PhysicsLinearVector.cc.o
#13 231.9 -- [download 97% complete]
#13 233.1 [  6%] Building CXX object source/CMakeFiles/G4global.dir/global/management/src/G4PhysicsLogVector.cc.o
#13 233.2 [  6%] Building CXX object source/CMakeFiles/G4global.dir/global/management/src/G4PhysicsModelCatalog.cc.o
#13 233.8 -- [download 98% complete]
#13 235.1 -- [download 36% complete]
#13 235.4 [  6%] Building CXX object source/CMakeFiles/G4global.dir/global/management/src/G4PhysicsTable.cc.o
#13 235.6 -- [download 99% complete]
#13 237.3 -- [download 100% complete]
#13 237.9 [  6%] Building CXX object source/CMakeFiles/G4global.dir/global/management/src/G4PhysicsVector.cc.o
#13 238.2 -- verifying file...
#13 238.2        file='/opt/geant4-11.3.2/build/Externals/G4EMLOW-8.6.1/src/G4EMLOW.8.6.1.tar.gz'
#13 238.6 [  6%] Building CXX object source/CMakeFiles/G4global.dir/global/management/src/G4Physics2DVector.cc.o
#13 239.4 -- Downloading... done
#13 239.4 -- extracting...
#13 239.4      src='/opt/geant4-11.3.2/build/Externals/G4EMLOW-8.6.1/src/G4EMLOW.8.6.1.tar.gz'
#13 239.4      dst='/opt/geant4-11.3.2/build/data/G4EMLOW8.6.1'
#13 239.4 -- extracting... [tar xfz]
#13 240.3 -- [download 37% complete]
#13 240.1 [  6%] Building CXX object source/CMakeFiles/G4global.dir/global/management/src/G4Pow.cc.o
#13 241.0 [  6%] Building CXX object source/CMakeFiles/G4global.dir/global/management/src/G4ReferenceCountedHandle.cc.o
#13 242.3 [  6%] Building CXX object source/CMakeFiles/G4global.dir/global/management/src/G4SliceTimer.cc.o
#13 243.5 -- [download 38% complete]
#13 243.8 [  6%] Building CXX object source/CMakeFiles/G4global.dir/global/management/src/G4StateManager.cc.o
#13 244.0 [  6%] Building CXX object source/CMakeFiles/G4global.dir/global/management/src/G4ThreadLocalSingleton.cc.o
#13 246.3 [  7%] Building CXX object source/CMakeFiles/G4global.dir/global/management/src/G4Threading.cc.o
#13 247.4 [  7%] Building CXX object source/CMakeFiles/G4global.dir/global/management/src/G4Timer.cc.o
#13 247.5 -- [download 39% complete]
#13 249.7 [  7%] Building CXX object source/CMakeFiles/G4global.dir/global/management/src/G4UnitsTable.cc.o
#13 250.7 [  7%] Building CXX object source/CMakeFiles/G4global.dir/global/management/src/G4VExceptionHandler.cc.o
#13 250.7 -- extracting... [analysis]
#13 250.7 -- extracting... [rename]
#13 250.7 -- extracting... [clean up]
#13 250.7 -- extracting... done
#13 250.8 [  7%] No update step for 'G4EMLOW'
#13 250.9 -- [download 40% complete]
#13 250.9 [  7%] No patch step for 'G4EMLOW'
#13 251.0 [  7%] No configure step for 'G4EMLOW'
#13 251.1 [  7%] No build step for 'G4EMLOW'
#13 251.2 [  7%] No install step for 'G4EMLOW'
#13 251.4 [  7%] Completed 'G4EMLOW'
#13 251.6 [  7%] Built target G4EMLOW
#13 251.6 [  7%] Building CXX object source/CMakeFiles/G4global.dir/global/management/src/G4VStateDependent.cc.o
#13 254.0 -- [download 41% complete]
#13 256.7 -- [download 42% complete]
#13 257.0 [  7%] Linking CXX shared library ../BuildProducts/lib/libG4global.so
#13 257.3 [  7%] Built target G4global
#13 257.4 [  7%] Building CXX object source/CMakeFiles/G4intercoms.dir/intercoms/src/G4LocalThreadCoutMessenger.cc.o
#13 257.4 [  8%] Building CXX object source/CMakeFiles/G4intercoms.dir/intercoms/src/G4GenericMessenger.cc.o
#13 257.4 [  8%] Building CXX object source/CMakeFiles/G4intercoms.dir/intercoms/src/G4UIaliasList.cc.o
#13 259.6 -- [download 43% complete]
#13 260.7 [  8%] Building CXX object source/CMakeFiles/G4intercoms.dir/intercoms/src/G4UIbatch.cc.o
#13 261.1 [  8%] Building CXX object source/CMakeFiles/G4intercoms.dir/intercoms/src/G4UIbridge.cc.o
#13 262.5 -- [download 44% complete]
#13 263.8 [  8%] Building CXX object source/CMakeFiles/G4intercoms.dir/intercoms/src/G4UIcmdWith3Vector.cc.o
#13 264.2 [  8%] Building CXX object source/CMakeFiles/G4intercoms.dir/intercoms/src/G4UIcmdWith3VectorAndUnit.cc.o
#13 264.4 [  8%] Building CXX object source/CMakeFiles/G4intercoms.dir/intercoms/src/G4UIcmdWithABool.cc.o
#13 265.4 -- [download 45% complete]
#13 267.3 [  8%] Building CXX object source/CMakeFiles/G4intercoms.dir/intercoms/src/G4UIcmdWithADouble.cc.o
#13 267.8 [  8%] Building CXX object source/CMakeFiles/G4intercoms.dir/intercoms/src/G4UIcmdWithADoubleAndUnit.cc.o
#13 268.3 -- [download 46% complete]
#13 268.8 [  8%] Building CXX object source/CMakeFiles/G4intercoms.dir/intercoms/src/G4UIcmdWithAString.cc.o
#13 270.4 [  8%] Building CXX object source/CMakeFiles/G4intercoms.dir/intercoms/src/G4UIcmdWithAnInteger.cc.o
#13 271.3 -- [download 47% complete]
#13 271.9 [  8%] Building CXX object source/CMakeFiles/G4intercoms.dir/intercoms/src/G4UIcmdWithALongInt.cc.o
#13 271.5 [  8%] Building CXX object source/CMakeFiles/G4intercoms.dir/intercoms/src/G4UIcmdWithoutParameter.cc.o
#13 272.6 [  8%] Building CXX object source/CMakeFiles/G4intercoms.dir/intercoms/src/G4UIcommand.cc.o
#13 273.5 -- [download 48% complete]
#13 274.3 [  8%] Building CXX object source/CMakeFiles/G4intercoms.dir/intercoms/src/G4UIcommandTree.cc.o
#13 274.5 [  8%] Building CXX object source/CMakeFiles/G4intercoms.dir/intercoms/src/G4UIcontrolMessenger.cc.o
#13 276.5 -- [download 49% complete]
#13 279.4 -- [download 50% complete]
#13 279.8 [  8%] Building CXX object source/CMakeFiles/G4intercoms.dir/intercoms/src/G4UIdirectory.cc.o
#13 281.2 [  8%] Building CXX object source/CMakeFiles/G4intercoms.dir/intercoms/src/G4UImanager.cc.o
#13 281.5 [  8%] Building CXX object source/CMakeFiles/G4intercoms.dir/intercoms/src/G4UImessenger.cc.o
#13 282.3 [  8%] Building CXX object source/CMakeFiles/G4intercoms.dir/intercoms/src/G4UIparameter.cc.o
#13 282.4 -- [download 51% complete]
#13 285.2 -- [download 52% complete]
#13 285.9 [  8%] Building CXX object source/CMakeFiles/G4intercoms.dir/intercoms/src/G4UIparsing.cc.o
#13 286.8 [  8%] Building CXX object source/CMakeFiles/G4intercoms.dir/intercoms/src/G4UIsession.cc.o
#13 288.2 -- [download 53% complete]
#13 289.5 [  8%] Building CXX object source/CMakeFiles/G4intercoms.dir/intercoms/src/G4UnitsMessenger.cc.o
#13 290.0 [  8%] Building CXX object source/CMakeFiles/G4intercoms.dir/intercoms/src/G4VGlobalFastSimulationManager.cc.o
#13 291.4 [  8%] Linking CXX shared library ../BuildProducts/lib/libG4intercoms.so
#13 291.6 [  8%] Built target G4intercoms
#13 291.7 [  8%] Building CXX object source/CMakeFiles/G4analysis.dir/analysis/accumulables/src/G4MergeMode.cc.o
#13 291.7 [  8%] Building CXX object source/CMakeFiles/G4graphics_reps.dir/graphics_reps/src/G4AttCheck.cc.o
#13 291.7 [  8%] Building CXX object source/CMakeFiles/G4materials.dir/materials/src/G4AtomicFormFactor.cc.o
#13 293.8 [  8%] Building CXX object source/CMakeFiles/G4analysis.dir/analysis/accumulables/src/G4AccumulableManager.cc.o
#13 296.8 [  8%] Building CXX object source/CMakeFiles/G4graphics_reps.dir/graphics_reps/src/G4AttDef.cc.o
#13 297.7 [  8%] Building CXX object source/CMakeFiles/G4materials.dir/materials/src/G4AtomicShells.cc.o
#13 298.0 [  8%] Building CXX object source/CMakeFiles/G4analysis.dir/analysis/csv/src/G4CsvAnalysisManager.cc.o
#13 298.9 [  8%] Building CXX object source/CMakeFiles/G4graphics_reps.dir/graphics_reps/src/G4AttDefStore.cc.o
#13 300.0 [  8%] Building CXX object source/CMakeFiles/G4materials.dir/materials/src/G4AtomicShells_XDB_EADL.cc.o
#13 301.9 [  8%] Building CXX object source/CMakeFiles/G4graphics_reps.dir/graphics_reps/src/G4AttHolder.cc.o
#13 302.3 [  8%] Building CXX object source/CMakeFiles/G4materials.dir/materials/src/G4CrystalExtension.cc.o
#13 303.9 [  8%] Building CXX object source/CMakeFiles/G4graphics_reps.dir/graphics_reps/src/G4AttUtils.cc.o
#13 304.7 [  8%] Building CXX object source/CMakeFiles/G4analysis.dir/analysis/csv/src/G4CsvAnalysisReader.cc.o
#13 305.3 [  8%] Building CXX object source/CMakeFiles/G4materials.dir/materials/src/G4CrystalUnitCell.cc.o
#13 305.6 [  8%] Building CXX object source/CMakeFiles/G4graphics_reps.dir/graphics_reps/src/G4Circle.cc.o
#13 307.4 -- [download 54% complete]
#13 308.9 [  8%] Building CXX object source/CMakeFiles/G4graphics_reps.dir/graphics_reps/src/G4Colour.cc.o
#13 309.0 [  8%] Building CXX object source/CMakeFiles/G4materials.dir/materials/src/G4DensityEffectCalculator.cc.o
#13 310.3 -- [download 55% complete]
#13 313.1 [  8%] Building CXX object source/CMakeFiles/G4materials.dir/materials/src/G4DensityEffectData.cc.o
#13 313.3 [  8%] Building CXX object source/CMakeFiles/G4graphics_reps.dir/graphics_reps/src/G4DimensionedTypeUtils.cc.o
#13 313.3 -- [download 56% complete]
#13 316.2 -- [download 57% complete]
#13 316.4 [  8%] Building CXX object source/CMakeFiles/G4graphics_reps.dir/graphics_reps/src/G4PlacedPolyhedron.cc.o
#13 318.0 [  8%] Building CXX object source/CMakeFiles/G4analysis.dir/analysis/csv/src/G4CsvFileManager.cc.o
#13 319.1 -- [download 58% complete]
#13 321.9 [  8%] Building CXX object source/CMakeFiles/G4graphics_reps.dir/graphics_reps/src/G4Point3DList.cc.o
#13 322.1 -- [download 59% complete]
#13 323.8 [  8%] Building CXX object source/CMakeFiles/G4materials.dir/materials/src/G4Element.cc.o
#13 325.0 -- [download 60% complete]
#13 326.5 [  8%] Building CXX object source/CMakeFiles/G4graphics_reps.dir/graphics_reps/src/G4Polyhedron.cc.o
#13 327.9 -- [download 61% complete]
#13 329.4 [  8%] Building CXX object source/CMakeFiles/G4materials.dir/materials/src/G4ElementData.cc.o
#13 330.8 -- [download 62% complete]
#13 331.6 [  8%] Building CXX object source/CMakeFiles/G4graphics_reps.dir/graphics_reps/src/G4PolyhedronArbitrary.cc.o
#13 333.8 -- [download 63% complete]
#13 333.9 [  8%] Building CXX object source/CMakeFiles/G4analysis.dir/analysis/csv/src/G4CsvNtupleFileManager.cc.o
#13 334.4 [  8%] Building CXX object source/CMakeFiles/G4materials.dir/materials/src/G4ElementDataRegistry.cc.o
#13 335.0 [  8%] Building CXX object source/CMakeFiles/G4graphics_reps.dir/graphics_reps/src/G4Polyline.cc.o
#13 335.9 -- [download 64% complete]
#13 336.8 [  8%] Building CXX object source/CMakeFiles/G4materials.dir/materials/src/G4ExtDEDXTable.cc.o
#13 337.4 [  8%] Building CXX object source/CMakeFiles/G4graphics_reps.dir/graphics_reps/src/G4Polymarker.cc.o
#13 338.8 -- [download 65% complete]
#13 340.6 [  8%] Building CXX object source/CMakeFiles/G4graphics_reps.dir/graphics_reps/src/G4SceneTreeItem.cc.o
#13 341.7 -- [download 66% complete]
#13 342.5 [  8%] Building CXX object source/CMakeFiles/G4materials.dir/materials/src/G4ExtendedMaterial.cc.o
#13 343.6 [  8%] Building CXX object source/CMakeFiles/G4analysis.dir/analysis/csv/src/G4CsvNtupleManager.cc.o
#13 344.7 -- [download 67% complete]
#13 346.0 [  8%] Building CXX object source/CMakeFiles/G4graphics_reps.dir/graphics_reps/src/G4Square.cc.o
#13 347.2 [  8%] Building CXX object source/CMakeFiles/G4materials.dir/materials/src/G4ICRU90StoppingData.cc.o
#13 348.1 -- [download 68% complete]
#13 348.9 [  8%] Building CXX object source/CMakeFiles/G4graphics_reps.dir/graphics_reps/src/G4Text.cc.o
#13 349.9 [  8%] Building CXX object source/CMakeFiles/G4materials.dir/materials/src/G4IonisParamElm.cc.o
#13 350.9 [  8%] Building CXX object source/CMakeFiles/G4graphics_reps.dir/graphics_reps/src/G4Plotter.cc.o
#13 351.7 -- [download 69% complete]
#13 352.0 [  8%] Building CXX object source/CMakeFiles/G4materials.dir/materials/src/G4IonisParamMat.cc.o
#13 354.8 [  8%] Building CXX object source/CMakeFiles/G4graphics_reps.dir/graphics_reps/src/G4VGraphicsScene.cc.o
#13 354.8 [  8%] Building CXX object source/CMakeFiles/G4analysis.dir/analysis/csv/src/G4CsvRFileManager.cc.o
#13 355.3 -- [download 70% complete]
#13 356.1 [  8%] Building CXX object source/CMakeFiles/G4materials.dir/materials/src/G4IonStoppingData.cc.o
#13 357.3 [  8%] Building CXX object source/CMakeFiles/G4graphics_reps.dir/graphics_reps/src/G4VMarker.cc.o
#13 358.6 -- [download 71% complete]
#13 360.5 [  8%] Building CXX object source/CMakeFiles/G4graphics_reps.dir/graphics_reps/src/G4VVisManager.cc.o
#13 361.4 [  8%] Building CXX object source/CMakeFiles/G4materials.dir/materials/src/G4Isotope.cc.o
#13 361.4 -- [download 72% complete]
#13 363.6 [  8%] Building CXX object source/CMakeFiles/G4graphics_reps.dir/graphics_reps/src/G4VisAttributes.cc.o
#13 364.3 -- [download 73% complete]
#13 365.3 [  8%] Building CXX object source/CMakeFiles/G4materials.dir/materials/src/G4LatticeLogical.cc.o
#13 367.2 -- [download 74% complete]
#13 367.1 [  8%] Building CXX object source/CMakeFiles/G4graphics_reps.dir/graphics_reps/src/G4VisExtent.cc.o
#13 369.2 -- [download 75% complete]
#13 371.0 [  8%] Building CXX object source/CMakeFiles/G4materials.dir/materials/src/G4LatticePhysical.cc.o
#13 371.4 [  8%] Building CXX object source/CMakeFiles/G4analysis.dir/analysis/csv/src/G4CsvRNtupleManager.cc.o
#13 372.0 -- [download 76% complete]
#13 374.2 [  8%] Building CXX object source/CMakeFiles/G4graphics_reps.dir/graphics_reps/src/G4Visible.cc.o
#13 374.9 -- [download 77% complete]
#13 377.7 [  8%] Building CXX object source/CMakeFiles/G4materials.dir/materials/src/G4Material.cc.o
#13 378.0 -- [download 78% complete]
#13 380.7 [  8%] Building CXX object source/CMakeFiles/G4graphics_reps.dir/graphics_reps/src/HepPolyhedron.cc.o
#13 381.0 -- [download 79% complete]
#13 384.0 -- [download 80% complete]
#13 386.9 -- [download 81% complete]
#13 389.9 -- [download 82% complete]
#13 390.4 [  8%] Building CXX object source/CMakeFiles/G4materials.dir/materials/src/G4MaterialPropertiesTable.cc.o
#13 392.8 -- [download 83% complete]
#13 395.7 -- [download 84% complete]
#13 398.6 -- [download 85% complete]
#13 400.6 -- [download 86% complete]
#13 401.1 [  8%] Building CXX object source/CMakeFiles/G4materials.dir/materials/src/G4MicroElecMaterialStructure.cc.o
#13 402.7 [  8%] Linking CXX shared library ../BuildProducts/lib/libG4graphics_reps.so
#13 402.7 [  9%] Building CXX object source/CMakeFiles/G4analysis.dir/analysis/factory/src/G4GenericAnalysisManager.cc.o
#13 403.5 -- [download 87% complete]
#13 403.8 [  9%] Built target G4graphics_reps
#13 404.0 [  9%] Building CXX object source/CMakeFiles/G4particles.dir/particles/adjoint/src/G4AdjointAlpha.cc.o
#13 406.4 -- [download 88% complete]
#13 408.4 [  9%] Building CXX object source/CMakeFiles/G4materials.dir/materials/src/G4MicroElecSiStructure.cc.o
#13 409.4 -- [download 89% complete]
#13 409.5 [  9%] Building CXX object source/CMakeFiles/G4particles.dir/particles/adjoint/src/G4AdjointDeuteron.cc.o
#13 412.4 -- [download 90% complete]
#13 412.8 [  9%] Building CXX object source/CMakeFiles/G4materials.dir/materials/src/G4NistElementBuilder.cc.o
#13 414.5 [  9%] Building CXX object source/CMakeFiles/G4particles.dir/particles/adjoint/src/G4AdjointElectron.cc.o
#13 415.4 -- [download 91% complete]
#13 418.3 -- [download 92% complete]
#13 418.8 [  9%] Building CXX object source/CMakeFiles/G4analysis.dir/analysis/factory/src/G4GenericFileManager.cc.o
#13 419.5 [  9%] Building CXX object source/CMakeFiles/G4particles.dir/particles/adjoint/src/G4AdjointElectronFI.cc.o
#13 421.2 -- [download 93% complete]
#13 424.1 [  9%] Building CXX object source/CMakeFiles/G4particles.dir/particles/adjoint/src/G4AdjointGamma.cc.o
#13 424.1 -- [download 94% complete]
#13 424.3 [  9%] Building CXX object source/CMakeFiles/G4materials.dir/materials/src/G4NistManager.cc.o
